<?xml version="1.0" encoding="UTF-8"?>
<testsuite xmlns:xsi="http://www.w3.org/2001/XMLSchema-instance" xsi:noNamespaceSchemaLocation="https://maven.apache.org/surefire/maven-surefire-plugin/xsd/surefire-test-report-3.0.xsd" version="3.0" name="praktikum.IngredientParametrizedTest" time="0" tests="2" errors="0" skipped="0" failures="0">
  <properties>
[...]
</properties>
  <testcase name="typeValue[FILLING]" classname="praktikum.IngredientParametrizedTest" time="0"/>
  <testcase name="typeValue[SAUCE]" classname="praktikum.IngredientParametrizedTest" time="0"/>
</testsuite>